<?xml version="1.0" encoding="UTF-8"?>
<!-- Generated by org.testng.reporters.JUnitReportReporter -->
<testsuite skipped="0" hostname="DarkskinPC" name="restassuredtestng.apitestng" tests="1" failures="0" timestamp="27 Apr 2023 12:08:55 GMT" time="4.814" errors="0">
  <testcase name="getRequest" time="4.814" classname="restassuredtestng.apitestng"/>
</testsuite> <!-- restassuredtestng.apitestng -->
